<?xml version="1.0" encoding="UTF-8"?>
<!-- Generated by org.testng.reporters.JUnitXMLReporter -->
<testsuite ignored="1" hostname="DESKTOP-HV3UBSC" failures="0" tests="1" name="Default test" time="14.435" errors="0" timestamp="2021-05-21T20:05:02 IST">
  <testcase classname="AmazonAssignment.UsingNormalProgram" name="usingStream" time="6.232"/>
  <testcase classname="AmazonAssignment.UsingNormalProgram" name="usingNormalApproach" time="0.0">
    <ignored/>
  </testcase> <!-- usingNormalApproach -->
</testsuite> <!-- Default test -->
