<?xml version="1.0" encoding="UTF-8"?>
<testng-results ignored="0" total="1" passed="1" failed="0" skipped="0">
  <reporter-output>
  </reporter-output>
  <suite started-at="2021-08-05T15:40:10 IST" name="Default suite" finished-at="2021-08-05T15:40:32 IST" duration-ms="22372">
    <groups>
    </groups>
    <test started-at="2021-08-05T15:40:10 IST" name="Default test" finished-at="2021-08-05T15:40:32 IST" duration-ms="22372">
      <class name="SeleniumPractice.ScrollAction">
        <test-method is-config="true" signature="setup()[pri:0, instance:SeleniumPractice.ScrollAction@a3d8174]" started-at="2021-08-05T15:40:10 IST" name="setup" finished-at="2021-08-05T15:40:23 IST" duration-ms="13061" status="PASS">
          <reporter-output>
          </reporter-output>
        </test-method> <!-- setup -->
        <test-method signature="openNewTab()[pri:0, instance:SeleniumPractice.ScrollAction@a3d8174]" started-at="2021-08-05T15:40:23 IST" name="openNewTab" finished-at="2021-08-05T15:40:32 IST" duration-ms="9234" status="PASS">
          <reporter-output>
          </reporter-output>
        </test-method> <!-- openNewTab -->
        <test-method is-config="true" signature="teaDown()[pri:0, instance:SeleniumPractice.ScrollAction@a3d8174]" started-at="2021-08-05T15:40:32 IST" name="teaDown" finished-at="2021-08-05T15:40:32 IST" duration-ms="0" status="PASS">
          <reporter-output>
          </reporter-output>
        </test-method> <!-- teaDown -->
      </class> <!-- SeleniumPractice.ScrollAction -->
    </test> <!-- Default test -->
  </suite> <!-- Default suite -->
</testng-results>
